0 verbose cli /usr/local/bin/node /usr/local/bin/npm
1 info using npm@10.9.2
2 info using node@v22.16.0
3 silly config load:file:/usr/local/lib/node_modules/npm/npmrc
4 silly config load:file:/Users/cesardiaz/Desktop/PORTAL CLIENTES /.npmrc
5 silly config load:file:/Users/cesardiaz/.npmrc
6 silly config load:file:/usr/local/etc/npmrc
7 verbose title npm install jspdf jspdf-autotable
8 verbose argv "install" "jspdf" "jspdf-autotable" "--cache" ".npm-cache"
9 verbose logfile logs-max:10 dir:/Users/cesardiaz/Desktop/PORTAL CLIENTES /.npm-cache/_logs/2026-02-27T19_38_19_374Z-
10 verbose logfile /Users/cesardiaz/Desktop/PORTAL CLIENTES /.npm-cache/_logs/2026-02-27T19_38_19_374Z-debug-0.log
11 silly logfile done cleaning log files
12 silly packumentCache heap:2197815296 maxSize:549453824 maxEntrySize:274726912
13 silly idealTree buildDeps
14 silly fetch manifest jspdf@*
15 silly packumentCache full:https://registry.npmjs.org/jspdf cache-miss
16 http fetch GET 200 https://registry.npmjs.org/jspdf 458ms (cache miss)
17 silly packumentCache full:https://registry.npmjs.org/jspdf set size:undefined disposed:false
18 silly fetch manifest jspdf-autotable@*
19 silly packumentCache full:https://registry.npmjs.org/jspdf-autotable cache-miss
20 http fetch GET 200 https://registry.npmjs.org/jspdf-autotable 141ms (cache miss)
21 silly packumentCache full:https://registry.npmjs.org/jspdf-autotable set size:undefined disposed:false
22 silly placeDep ROOT jspdf@4.2.0 OK for: portal-clientes@0.1.0 want: *
23 silly placeDep ROOT jspdf-autotable@5.0.7 OK for: portal-clientes@0.1.0 want: *
24 silly fetch manifest @babel/runtime@^7.28.6
25 silly packumentCache full:https://registry.npmjs.org/@babel%2fruntime cache-miss
26 silly fetch manifest fflate@^0.8.1
27 silly packumentCache full:https://registry.npmjs.org/fflate cache-miss
28 silly fetch manifest fast-png@^6.2.0
29 silly packumentCache full:https://registry.npmjs.org/fast-png cache-miss
30 silly fetch manifest canvg@^3.0.11
31 silly packumentCache full:https://registry.npmjs.org/canvg cache-miss
32 silly fetch manifest core-js@^3.6.0
33 silly packumentCache full:https://registry.npmjs.org/core-js cache-miss
34 silly fetch manifest dompurify@^3.3.1
35 silly packumentCache full:https://registry.npmjs.org/dompurify cache-miss
36 silly fetch manifest html2canvas@^1.0.0-rc.5
37 silly packumentCache full:https://registry.npmjs.org/html2canvas cache-miss
38 http fetch GET 200 https://registry.npmjs.org/@babel%2fruntime 340ms (cache miss)
39 silly packumentCache full:https://registry.npmjs.org/@babel%2fruntime set size:undefined disposed:false
40 http fetch GET 200 https://registry.npmjs.org/canvg 374ms (cache miss)
41 silly packumentCache full:https://registry.npmjs.org/canvg set size:undefined disposed:false
42 http fetch GET 200 https://registry.npmjs.org/fast-png 376ms (cache miss)
43 silly packumentCache full:https://registry.npmjs.org/fast-png set size:undefined disposed:false
44 http fetch GET 200 https://registry.npmjs.org/html2canvas 379ms (cache miss)
45 silly packumentCache full:https://registry.npmjs.org/html2canvas set size:undefined disposed:false
46 http fetch GET 200 https://registry.npmjs.org/fflate 383ms (cache miss)
47 silly packumentCache full:https://registry.npmjs.org/fflate set size:undefined disposed:false
48 http fetch GET 200 https://registry.npmjs.org/dompurify 418ms (cache miss)
49 silly packumentCache full:https://registry.npmjs.org/dompurify set size:undefined disposed:false
50 http fetch GET 200 https://registry.npmjs.org/core-js 437ms (cache miss)
51 silly packumentCache full:https://registry.npmjs.org/core-js set size:undefined disposed:false
52 silly placeDep ROOT @babel/runtime@7.28.6 OK for: jspdf@4.2.0 want: ^7.28.6
53 silly placeDep ROOT canvg@3.0.11 OK for: jspdf@4.2.0 want: ^3.0.11
54 silly placeDep ROOT core-js@3.48.0 OK for: jspdf@4.2.0 want: ^3.6.0
55 silly placeDep ROOT dompurify@3.3.1 OK for: jspdf@4.2.0 want: ^3.3.1
56 silly placeDep ROOT fast-png@6.4.0 OK for: jspdf@4.2.0 want: ^6.2.0
57 silly placeDep ROOT fflate@0.8.2 OK for: jspdf@4.2.0 want: ^0.8.1
58 silly placeDep ROOT html2canvas@1.4.1 OK for: jspdf@4.2.0 want: ^1.0.0-rc.5
59 silly fetch manifest raf@^3.4.1
60 silly packumentCache full:https://registry.npmjs.org/raf cache-miss
61 silly fetch manifest core-js@^3.8.3
62 silly packumentCache full:https://registry.npmjs.org/core-js cache-miss
63 silly fetch manifest rgbcolor@^1.0.1
64 silly packumentCache full:https://registry.npmjs.org/rgbcolor cache-miss
65 silly fetch manifest @types/raf@^3.4.0
66 silly packumentCache full:https://registry.npmjs.org/@types%2fraf cache-miss
67 silly fetch manifest svg-pathdata@^6.0.3
68 silly packumentCache full:https://registry.npmjs.org/svg-pathdata cache-miss
69 silly fetch manifest stackblur-canvas@^2.0.0
70 silly packumentCache full:https://registry.npmjs.org/stackblur-canvas cache-miss
71 silly fetch manifest regenerator-runtime@^0.13.7
72 silly packumentCache full:https://registry.npmjs.org/regenerator-runtime cache-miss
73 http cache https://registry.npmjs.org/core-js 15ms (cache hit)
74 silly packumentCache full:https://registry.npmjs.org/core-js set size:776323 disposed:false
75 silly fetch manifest @types/trusted-types@^2.0.7
76 silly packumentCache full:https://registry.npmjs.org/@types%2ftrusted-types cache-miss
77 http fetch GET 200 https://registry.npmjs.org/rgbcolor 71ms (cache miss)
78 silly packumentCache full:https://registry.npmjs.org/rgbcolor set size:undefined disposed:false
79 silly fetch manifest pako@^2.1.0
80 silly packumentCache full:https://registry.npmjs.org/pako cache-miss
81 http fetch GET 200 https://registry.npmjs.org/stackblur-canvas 80ms (cache miss)
82 silly packumentCache full:https://registry.npmjs.org/stackblur-canvas set size:undefined disposed:false
83 silly fetch manifest iobuffer@^5.3.2
84 silly packumentCache full:https://registry.npmjs.org/iobuffer cache-miss
85 http fetch GET 200 https://registry.npmjs.org/svg-pathdata 83ms (cache miss)
86 silly packumentCache full:https://registry.npmjs.org/svg-pathdata set size:undefined disposed:false
87 silly fetch manifest @types/pako@^2.0.3
88 silly packumentCache full:https://registry.npmjs.org/@types%2fpako cache-miss
89 http fetch GET 200 https://registry.npmjs.org/regenerator-runtime 87ms (cache miss)
90 silly packumentCache full:https://registry.npmjs.org/regenerator-runtime set size:undefined disposed:false
91 silly fetch manifest css-line-break@^2.1.0
92 silly packumentCache full:https://registry.npmjs.org/css-line-break cache-miss
93 http fetch GET 200 https://registry.npmjs.org/raf 104ms (cache miss)
94 silly packumentCache full:https://registry.npmjs.org/raf set size:undefined disposed:false
95 silly fetch manifest text-segmentation@^1.0.3
96 silly packumentCache full:https://registry.npmjs.org/text-segmentation cache-miss
97 http fetch GET 200 https://registry.npmjs.org/@types%2ftrusted-types 107ms (cache miss)
98 silly packumentCache full:https://registry.npmjs.org/@types%2ftrusted-types set size:undefined disposed:false
99 http fetch GET 200 https://registry.npmjs.org/iobuffer 159ms (cache miss)
100 silly packumentCache full:https://registry.npmjs.org/iobuffer set size:undefined disposed:false
101 http fetch GET 200 https://registry.npmjs.org/@types%2fraf 242ms (cache miss)
102 silly packumentCache full:https://registry.npmjs.org/@types%2fraf set size:undefined disposed:false
103 http fetch GET 200 https://registry.npmjs.org/pako 171ms (cache miss)
104 silly packumentCache full:https://registry.npmjs.org/pako set size:undefined disposed:false
105 http fetch GET 200 https://registry.npmjs.org/@types%2fpako 188ms (cache miss)
106 silly packumentCache full:https://registry.npmjs.org/@types%2fpako set size:undefined disposed:false
107 http fetch GET 200 https://registry.npmjs.org/text-segmentation 272ms (cache miss)
108 silly packumentCache full:https://registry.npmjs.org/text-segmentation set size:undefined disposed:false
109 http fetch GET 200 https://registry.npmjs.org/css-line-break 387ms (cache miss)
110 silly packumentCache full:https://registry.npmjs.org/css-line-break set size:undefined disposed:false
111 silly placeDep ROOT @types/raf@3.4.3 OK for: canvg@3.0.11 want: ^3.4.0
112 silly placeDep ROOT raf@3.4.1 OK for: canvg@3.0.11 want: ^3.4.1
113 silly placeDep ROOT regenerator-runtime@0.13.11 OK for: canvg@3.0.11 want: ^0.13.7
114 silly placeDep ROOT rgbcolor@1.0.1 OK for: canvg@3.0.11 want: ^1.0.1
115 silly placeDep ROOT stackblur-canvas@2.7.0 OK for: canvg@3.0.11 want: ^2.0.0
116 silly placeDep ROOT svg-pathdata@6.0.3 OK for: canvg@3.0.11 want: ^6.0.3
117 silly fetch manifest performance-now@^2.1.0
118 silly packumentCache full:https://registry.npmjs.org/performance-now cache-miss
119 http fetch GET 200 https://registry.npmjs.org/performance-now 80ms (cache miss)
120 silly packumentCache full:https://registry.npmjs.org/performance-now set size:undefined disposed:false
121 silly placeDep ROOT @types/trusted-types@2.0.7 OK for: dompurify@3.3.1 want: ^2.0.7
122 silly placeDep ROOT @types/pako@2.0.4 OK for: fast-png@6.4.0 want: ^2.0.3
123 silly placeDep ROOT iobuffer@5.4.0 OK for: fast-png@6.4.0 want: ^5.3.2
124 silly placeDep ROOT pako@2.1.0 OK for: fast-png@6.4.0 want: ^2.1.0
125 silly placeDep ROOT css-line-break@2.1.0 OK for: html2canvas@1.4.1 want: ^2.1.0
126 silly placeDep ROOT text-segmentation@1.0.3 OK for: html2canvas@1.4.1 want: ^1.0.3
127 silly fetch manifest utrie@^1.0.2
128 silly packumentCache full:https://registry.npmjs.org/utrie cache-miss
129 silly fetch manifest utrie@^1.0.2
130 silly packumentCache full:https://registry.npmjs.org/utrie cache-miss
131 http fetch GET 200 https://registry.npmjs.org/utrie 82ms (cache miss)
132 silly packumentCache full:https://registry.npmjs.org/utrie set size:undefined disposed:false
133 http fetch GET 200 https://registry.npmjs.org/utrie 83ms (cache miss)
134 silly packumentCache full:https://registry.npmjs.org/utrie set size:undefined disposed:false
135 silly placeDep ROOT utrie@1.0.2 OK for: css-line-break@2.1.0 want: ^1.0.2
136 silly fetch manifest base64-arraybuffer@^1.0.2
137 silly packumentCache full:https://registry.npmjs.org/base64-arraybuffer cache-miss
138 http fetch GET 200 https://registry.npmjs.org/base64-arraybuffer 117ms (cache miss)
139 silly packumentCache full:https://registry.npmjs.org/base64-arraybuffer set size:undefined disposed:false
140 silly placeDep ROOT performance-now@2.1.0 OK for: raf@3.4.1 want: ^2.1.0
141 silly placeDep ROOT base64-arraybuffer@1.0.2 OK for: utrie@1.0.2 want: ^1.0.2
142 silly reify moves {}
143 verbose reify failed optional dependency /Users/cesardiaz/Desktop/PORTAL CLIENTES /node_modules/@tailwindcss/oxide-wasm32-wasi
144 silly reify mark deleted [
144 silly reify   '/Users/cesardiaz/Desktop/PORTAL CLIENTES /node_modules/@tailwindcss/oxide-wasm32-wasi'
144 silly reify ]
145 silly audit bulk request {
145 silly audit   '@alloc/quick-lru': [ '5.2.0' ],
145 silly audit   '@babel/code-frame': [ '7.29.0' ],
145 silly audit   '@babel/compat-data': [ '7.29.0' ],
145 silly audit   '@babel/core': [ '7.29.0' ],
145 silly audit   '@babel/generator': [ '7.29.1' ],
145 silly audit   '@babel/helper-compilation-targets': [ '7.28.6' ],
145 silly audit   '@babel/helper-globals': [ '7.28.0' ],
145 silly audit   '@babel/helper-module-imports': [ '7.28.6' ],
145 silly audit   '@babel/helper-module-transforms': [ '7.28.6' ],
145 silly audit   '@babel/helper-string-parser': [ '7.27.1' ],
145 silly audit   '@babel/helper-validator-identifier': [ '7.28.5' ],
145 silly audit   '@babel/helper-validator-option': [ '7.27.1' ],
145 silly audit   '@babel/helpers': [ '7.28.6' ],
145 silly audit   '@babel/parser': [ '7.29.0' ],
145 silly audit   '@babel/template': [ '7.28.6' ],
145 silly audit   '@babel/traverse': [ '7.29.0' ],
145 silly audit   '@babel/types': [ '7.29.0' ],
145 silly audit   '@emnapi/core': [ '1.8.1' ],
145 silly audit   '@emnapi/runtime': [ '1.8.1' ],
145 silly audit   '@emnapi/wasi-threads': [ '1.1.0' ],
145 silly audit   '@eslint-community/eslint-utils': [ '4.9.1' ],
145 silly audit   'eslint-visitor-keys': [ '3.4.3', '5.0.1', '4.2.1' ],
145 silly audit   '@eslint-community/regexpp': [ '4.12.2' ],
145 silly audit   '@eslint/config-array': [ '0.21.1' ],
145 silly audit   '@eslint/config-helpers': [ '0.4.2' ],
145 silly audit   '@eslint/core': [ '0.17.0' ],
145 silly audit   '@eslint/eslintrc': [ '3.3.4' ],
145 silly audit   globals: [ '14.0.0', '16.4.0' ],
145 silly audit   '@eslint/js': [ '9.39.3' ],
145 silly audit   '@eslint/object-schema': [ '2.1.7' ],
145 silly audit   '@eslint/plugin-kit': [ '0.4.1' ],
145 silly audit   '@humanfs/core': [ '0.19.1' ],
145 silly audit   '@humanfs/node': [ '0.16.7' ],
145 silly audit   '@humanwhocodes/module-importer': [ '1.0.1' ],
145 silly audit   '@humanwhocodes/retry': [ '0.4.3' ],
145 silly audit   '@img/colour': [ '1.0.0' ],
145 silly audit   '@img/sharp-darwin-arm64': [ '0.34.5' ],
145 silly audit   '@img/sharp-darwin-x64': [ '0.34.5' ],
145 silly audit   '@img/sharp-libvips-darwin-arm64': [ '1.2.4' ],
145 silly audit   '@img/sharp-libvips-darwin-x64': [ '1.2.4' ],
145 silly audit   '@img/sharp-libvips-linux-arm': [ '1.2.4' ],
145 silly audit   '@img/sharp-libvips-linux-arm64': [ '1.2.4' ],
145 silly audit   '@img/sharp-libvips-linux-ppc64': [ '1.2.4' ],
145 silly audit   '@img/sharp-libvips-linux-riscv64': [ '1.2.4' ],
145 silly audit   '@img/sharp-libvips-linux-s390x': [ '1.2.4' ],
145 silly audit   '@img/sharp-libvips-linux-x64': [ '1.2.4' ],
145 silly audit   '@img/sharp-libvips-linuxmusl-arm64': [ '1.2.4' ],
145 silly audit   '@img/sharp-libvips-linuxmusl-x64': [ '1.2.4' ],
145 silly audit   '@img/sharp-linux-arm': [ '0.34.5' ],
145 silly audit   '@img/sharp-linux-arm64': [ '0.34.5' ],
145 silly audit   '@img/sharp-linux-ppc64': [ '0.34.5' ],
145 silly audit   '@img/sharp-linux-riscv64': [ '0.34.5' ],
145 silly audit   '@img/sharp-linux-s390x': [ '0.34.5' ],
145 silly audit   '@img/sharp-linux-x64': [ '0.34.5' ],
145 silly audit   '@img/sharp-linuxmusl-arm64': [ '0.34.5' ],
145 silly audit   '@img/sharp-linuxmusl-x64': [ '0.34.5' ],
145 silly audit   '@img/sharp-wasm32': [ '0.34.5' ],
145 silly audit   '@img/sharp-win32-arm64': [ '0.34.5' ],
145 silly audit   '@img/sharp-win32-ia32': [ '0.34.5' ],
145 silly audit   '@img/sharp-win32-x64': [ '0.34.5' ],
145 silly audit   '@jridgewell/gen-mapping': [ '0.3.13' ],
145 silly audit   '@jridgewell/remapping': [ '2.3.5' ],
145 silly audit   '@jridgewell/resolve-uri': [ '3.1.2' ],
145 silly audit   '@jridgewell/sourcemap-codec': [ '1.5.5' ],
145 silly audit   '@jridgewell/trace-mapping': [ '0.3.31' ],
145 silly audit   '@napi-rs/wasm-runtime': [ '0.2.12' ],
145 silly audit   '@next/env': [ '16.1.6' ],
145 silly audit   '@next/eslint-plugin-next': [ '16.1.6' ],
145 silly audit   '@next/swc-darwin-arm64': [ '16.1.6' ],
145 silly audit   '@next/swc-darwin-x64': [ '16.1.6' ],
145 silly audit   '@next/swc-linux-arm64-gnu': [ '16.1.6' ],
145 silly audit   '@next/swc-linux-arm64-musl': [ '16.1.6' ],
145 silly audit   '@next/swc-linux-x64-gnu': [ '16.1.6' ],
145 silly audit   '@next/swc-linux-x64-musl': [ '16.1.6' ],
145 silly audit   '@next/swc-win32-arm64-msvc': [ '16.1.6' ],
145 silly audit   '@next/swc-win32-x64-msvc': [ '16.1.6' ],
145 silly audit   '@nodelib/fs.scandir': [ '2.1.5' ],
145 silly audit   '@nodelib/fs.stat': [ '2.0.5' ],
145 silly audit   '@nodelib/fs.walk': [ '1.2.8' ],
145 silly audit   '@nolyfill/is-core-module': [ '1.0.39' ],
145 silly audit   '@rtsao/scc': [ '1.1.0' ],
145 silly audit   '@supabase/auth-js': [ '2.97.0' ],
145 silly audit   '@supabase/functions-js': [ '2.97.0' ],
145 silly audit   '@supabase/postgrest-js': [ '2.97.0' ],
145 silly audit   '@supabase/realtime-js': [ '2.97.0' ],
145 silly audit   '@supabase/storage-js': [ '2.97.0' ],
145 silly audit   '@supabase/supabase-js': [ '2.97.0' ],
145 silly audit   '@swc/helpers': [ '0.5.15' ],
145 silly audit   '@tailwindcss/node': [ '4.2.1' ],
145 silly audit   '@tailwindcss/oxide': [ '4.2.1' ],
145 silly audit   '@tailwindcss/oxide-android-arm64': [ '4.2.1' ],
145 silly audit   '@tailwindcss/oxide-darwin-arm64': [ '4.2.1' ],
145 silly audit   '@tailwindcss/oxide-darwin-x64': [ '4.2.1' ],
145 silly audit   '@tailwindcss/oxide-freebsd-x64': [ '4.2.1' ],
145 silly audit   '@tailwindcss/oxide-linux-arm-gnueabihf': [ '4.2.1' ],
145 silly audit   '@tailwindcss/oxide-linux-arm64-gnu': [ '4.2.1' ],
145 silly audit   '@tailwindcss/oxide-linux-arm64-musl': [ '4.2.1' ],
145 silly audit   '@tailwindcss/oxide-linux-x64-gnu': [ '4.2.1' ],
145 silly audit   '@tailwindcss/oxide-linux-x64-musl': [ '4.2.1' ],
145 silly audit   '@tailwindcss/oxide-win32-arm64-msvc': [ '4.2.1' ],
145 silly audit   '@tailwindcss/oxide-win32-x64-msvc': [ '4.2.1' ],
145 silly audit   '@tailwindcss/postcss': [ '4.2.1' ],
145 silly audit   '@tybys/wasm-util': [ '0.10.1' ],
145 silly audit   '@types/estree': [ '1.0.8' ],
145 silly audit   '@types/json-schema': [ '7.0.15' ],
145 silly audit   '@types/json5': [ '0.0.29' ],
145 silly audit   '@types/node': [ '25.3.0' ],
145 silly audit   '@types/phoenix': [ '1.6.7' ],
145 silly audit   '@types/react': [ '19.2.14' ],
145 silly audit   '@types/react-dom': [ '19.2.3' ],
145 silly audit   '@types/ws': [ '8.18.1' ],
145 silly audit   '@typescript-eslint/eslint-plugin': [ '8.56.1' ],
145 silly audit   ignore: [ '7.0.5', '5.3.2' ],
145 silly audit   '@typescript-eslint/parser': [ '8.56.1' ],
145 silly audit   '@typescript-eslint/project-service': [ '8.56.1' ],
145 silly audit   '@typescript-eslint/scope-manager': [ '8.56.1' ],
145 silly audit   '@typescript-eslint/tsconfig-utils': [ '8.56.1' ],
145 silly audit   '@typescript-eslint/type-utils': [ '8.56.1' ],
145 silly audit   '@typescript-eslint/types': [ '8.56.1' ],
145 silly audit   '@typescript-eslint/typescript-estree': [ '8.56.1' ],
145 silly audit   'balanced-match': [ '4.0.4', '1.0.2' ],
145 silly audit   'brace-expansion': [ '5.0.3', '1.1.12' ],
145 silly audit   minimatch: [ '10.2.4', '3.1.5' ],
145 silly audit   semver: [ '7.7.4', '6.3.1' ],
145 silly audit   '@typescript-eslint/utils': [ '8.56.1' ],
145 silly audit   '@typescript-eslint/visitor-keys': [ '8.56.1' ],
145 silly audit   '@unrs/resolver-binding-android-arm-eabi': [ '1.11.1' ],
145 silly audit   '@unrs/resolver-binding-android-arm64': [ '1.11.1' ],
145 silly audit   '@unrs/resolver-binding-darwin-arm64': [ '1.11.1' ],
145 silly audit   '@unrs/resolver-binding-darwin-x64': [ '1.11.1' ],
145 silly audit   '@unrs/resolver-binding-freebsd-x64': [ '1.11.1' ],
145 silly audit   '@unrs/resolver-binding-linux-arm-gnueabihf': [ '1.11.1' ],
145 silly audit   '@unrs/resolver-binding-linux-arm-musleabihf': [ '1.11.1' ],
145 silly audit   '@unrs/resolver-binding-linux-arm64-gnu': [ '1.11.1' ],
145 silly audit   '@unrs/resolver-binding-linux-arm64-musl': [ '1.11.1' ],
145 silly audit   '@unrs/resolver-binding-linux-ppc64-gnu': [ '1.11.1' ],
145 silly audit   '@unrs/resolver-binding-linux-riscv64-gnu': [ '1.11.1' ],
145 silly audit   '@unrs/resolver-binding-linux-riscv64-musl': [ '1.11.1' ],
145 silly audit   '@unrs/resolver-binding-linux-s390x-gnu': [ '1.11.1' ],
145 silly audit   '@unrs/resolver-binding-linux-x64-gnu': [ '1.11.1' ],
145 silly audit   '@unrs/resolver-binding-linux-x64-musl': [ '1.11.1' ],
145 silly audit   '@unrs/resolver-binding-wasm32-wasi': [ '1.11.1' ],
145 silly audit   '@unrs/resolver-binding-win32-arm64-msvc': [ '1.11.1' ],
145 silly audit   '@unrs/resolver-binding-win32-ia32-msvc': [ '1.11.1' ],
145 silly audit   '@unrs/resolver-binding-win32-x64-msvc': [ '1.11.1' ],
145 silly audit   acorn: [ '8.16.0' ],
145 silly audit   'acorn-jsx': [ '5.3.2' ],
145 silly audit   ajv: [ '6.14.0' ],
145 silly audit   'ansi-styles': [ '4.3.0' ],
145 silly audit   argparse: [ '2.0.1' ],
145 silly audit   'aria-query': [ '5.3.2' ],
145 silly audit   'array-buffer-byte-length': [ '1.0.2' ],
145 silly audit   'array-includes': [ '3.1.9' ],
145 silly audit   'array.prototype.findlast': [ '1.2.5' ],
145 silly audit   'array.prototype.findlastindex': [ '1.2.6' ],
145 silly audit   'array.prototype.flat': [ '1.3.3' ],
145 silly audit   'array.prototype.flatmap': [ '1.3.3' ],
145 silly audit   'array.prototype.tosorted': [ '1.1.4' ],
145 silly audit   'arraybuffer.prototype.slice': [ '1.0.4' ],
145 silly audit   'ast-types-flow': [ '0.0.8' ],
145 silly audit   'async-function': [ '1.0.0' ],
145 silly audit   'available-typed-arrays': [ '1.0.7' ],
145 silly audit   'axe-core': [ '4.11.1' ],
145 silly audit   'axobject-query': [ '4.1.0' ],
145 silly audit   'baseline-browser-mapping': [ '2.10.0' ],
145 silly audit   braces: [ '3.0.3' ],
145 silly audit   browserslist: [ '4.28.1' ],
145 silly audit   'call-bind': [ '1.0.8' ],
145 silly audit   'call-bind-apply-helpers': [ '1.0.2' ],
145 silly audit   'call-bound': [ '1.0.4' ],
145 silly audit   callsites: [ '3.1.0' ],
145 silly audit   'caniuse-lite': [ '1.0.30001774' ],
145 silly audit   chalk: [ '4.1.2' ],
145 silly audit   'client-only': [ '0.0.1' ],
145 silly audit   clsx: [ '2.1.1' ],
145 silly audit   'color-convert': [ '2.0.1' ],
145 silly audit   'color-name': [ '1.1.4' ],
145 silly audit   'concat-map': [ '0.0.1' ],
145 silly audit   'convert-source-map': [ '2.0.0' ],
145 silly audit   'cross-spawn': [ '7.0.6' ],
145 silly audit   csstype: [ '3.2.3' ],
145 silly audit   'damerau-levenshtein': [ '1.0.8' ],
145 silly audit   'data-view-buffer': [ '1.0.2' ],
145 silly audit   'data-view-byte-length': [ '1.0.2' ],
145 silly audit   'data-view-byte-offset': [ '1.0.1' ],
145 silly audit   'date-fns': [ '4.1.0' ],
145 silly audit   debug: [ '4.4.3', '3.2.7' ],
145 silly audit   'deep-is': [ '0.1.4' ],
145 silly audit   'define-data-property': [ '1.1.4' ],
145 silly audit   'define-properties': [ '1.2.1' ],
145 silly audit   'detect-libc': [ '2.1.2' ],
145 silly audit   doctrine: [ '2.1.0' ],
145 silly audit   'dunder-proto': [ '1.0.1' ],
145 silly audit   'electron-to-chromium': [ '1.5.302' ],
145 silly audit   'emoji-regex': [ '9.2.2' ],
145 silly audit   'enhanced-resolve': [ '5.19.0' ],
145 silly audit   'es-abstract': [ '1.24.1' ],
145 silly audit   'es-define-property': [ '1.0.1' ],
145 silly audit   'es-errors': [ '1.3.0' ],
145 silly audit   'es-iterator-helpers': [ '1.2.2' ],
145 silly audit   'es-object-atoms': [ '1.1.1' ],
145 silly audit   'es-set-tostringtag': [ '2.1.0' ],
145 silly audit   'es-shim-unscopables': [ '1.1.0' ],
145 silly audit   'es-to-primitive': [ '1.3.0' ],
145 silly audit   escalade: [ '3.2.0' ],
145 silly audit   'escape-string-regexp': [ '4.0.0' ],
145 silly audit   eslint: [ '9.39.3' ],
145 silly audit   'eslint-config-next': [ '16.1.6' ],
145 silly audit   'eslint-import-resolver-node': [ '0.3.9' ],
145 silly audit   'eslint-import-resolver-typescript': [ '3.10.1' ],
145 silly audit   'eslint-module-utils': [ '2.12.1' ],
145 silly audit   'eslint-plugin-import': [ '2.32.0' ],
145 silly audit   'eslint-plugin-jsx-a11y': [ '6.10.2' ],
145 silly audit   'eslint-plugin-react': [ '7.37.5' ],
145 silly audit   'eslint-plugin-react-hooks': [ '7.0.1' ],
145 silly audit   resolve: [ '2.0.0-next.6', '1.22.11' ],
145 silly audit   'eslint-scope': [ '8.4.0' ],
145 silly audit   espree: [ '10.4.0' ],
145 silly audit   esquery: [ '1.7.0' ],
145 silly audit   esrecurse: [ '4.3.0' ],
145 silly audit   estraverse: [ '5.3.0' ],
145 silly audit   esutils: [ '2.0.3' ],
145 silly audit   'fast-deep-equal': [ '3.1.3' ],
145 silly audit   'fast-glob': [ '3.3.1' ],
145 silly audit   'glob-parent': [ '5.1.2', '6.0.2' ],
145 silly audit   'fast-json-stable-stringify': [ '2.1.0' ],
145 silly audit   'fast-levenshtein': [ '2.0.6' ],
145 silly audit   fastq: [ '1.20.1' ],
145 silly audit   'file-entry-cache': [ '8.0.0' ],
145 silly audit   'fill-range': [ '7.1.1' ],
145 silly audit   'find-up': [ '5.0.0' ],
145 silly audit   'flat-cache': [ '4.0.1' ],
145 silly audit   flatted: [ '3.3.3' ],
145 silly audit   'for-each': [ '0.3.5' ],
145 silly audit   'function-bind': [ '1.1.2' ],
145 silly audit   'function.prototype.name': [ '1.1.8' ],
145 silly audit   'functions-have-names': [ '1.2.3' ],
145 silly audit   'generator-function': [ '2.0.1' ],
145 silly audit   gensync: [ '1.0.0-beta.2' ],
145 silly audit   'get-intrinsic': [ '1.3.0' ],
145 silly audit   'get-proto': [ '1.0.1' ],
145 silly audit   'get-symbol-description': [ '1.1.0' ],
145 silly audit   'get-tsconfig': [ '4.13.6' ],
145 silly audit   globalthis: [ '1.0.4' ],
145 silly audit   gopd: [ '1.2.0' ],
145 silly audit   'graceful-fs': [ '4.2.11' ],
145 silly audit   'has-bigints': [ '1.1.0' ],
145 silly audit   'has-flag': [ '4.0.0' ],
145 silly audit   'has-property-descriptors': [ '1.0.2' ],
145 silly audit   'has-proto': [ '1.2.0' ],
145 silly audit   'has-symbols': [ '1.1.0' ],
145 silly audit   'has-tostringtag': [ '1.0.2' ],
145 silly audit   hasown: [ '2.0.2' ],
145 silly audit   'hermes-estree': [ '0.25.1' ],
145 silly audit   'hermes-parser': [ '0.25.1' ],
145 silly audit   'iceberg-js': [ '0.8.1' ],
145 silly audit   'import-fresh': [ '3.3.1' ],
145 silly audit   imurmurhash: [ '0.1.4' ],
145 silly audit   'internal-slot': [ '1.1.0' ],
145 silly audit   'is-array-buffer': [ '3.0.5' ],
145 silly audit   'is-async-function': [ '2.1.1' ],
145 silly audit   'is-bigint': [ '1.1.0' ],
145 silly audit   'is-boolean-object': [ '1.2.2' ],
145 silly audit   'is-bun-module': [ '2.0.0' ],
145 silly audit   'is-callable': [ '1.2.7' ],
145 silly audit   'is-core-module': [ '2.16.1' ],
145 silly audit   'is-data-view': [ '1.0.2' ],
145 silly audit   'is-date-object': [ '1.1.0' ],
145 silly audit   'is-extglob': [ '2.1.1' ],
145 silly audit   'is-finalizationregistry': [ '1.1.1' ],
145 silly audit   'is-generator-function': [ '1.1.2' ],
145 silly audit   'is-glob': [ '4.0.3' ],
145 silly audit   'is-map': [ '2.0.3' ],
145 silly audit   'is-negative-zero': [ '2.0.3' ],
145 silly audit   'is-number': [ '7.0.0' ],
145 silly audit   'is-number-object': [ '1.1.1' ],
145 silly audit   'is-regex': [ '1.2.1' ],
145 silly audit   'is-set': [ '2.0.3' ],
145 silly audit   'is-shared-array-buffer': [ '1.0.4' ],
145 silly audit   'is-string': [ '1.1.1' ],
145 silly audit   'is-symbol': [ '1.1.1' ],
145 silly audit   'is-typed-array': [ '1.1.15' ],
145 silly audit   'is-weakmap': [ '2.0.2' ],
145 silly audit   'is-weakref': [ '1.1.1' ],
145 silly audit   'is-weakset': [ '2.0.4' ],
145 silly audit   isarray: [ '2.0.5' ],
145 silly audit   isexe: [ '2.0.0' ],
145 silly audit   'iterator.prototype': [ '1.1.5' ],
145 silly audit   jiti: [ '2.6.1' ],
145 silly audit   'js-tokens': [ '4.0.0' ],
145 silly audit   'js-yaml': [ '4.1.1' ],
145 silly audit   jsesc: [ '3.1.0' ],
145 silly audit   'json-buffer': [ '3.0.1' ],
145 silly audit   'json-schema-traverse': [ '0.4.1' ],
145 silly audit   'json-stable-stringify-without-jsonify': [ '1.0.1' ],
145 silly audit   json5: [ '2.2.3', '1.0.2' ],
145 silly audit   'jsx-ast-utils': [ '3.3.5' ],
145 silly audit   keyv: [ '4.5.4' ],
145 silly audit   'language-subtag-registry': [ '0.3.23' ],
145 silly audit   'language-tags': [ '1.0.9' ],
145 silly audit   levn: [ '0.4.1' ],
145 silly audit   lightningcss: [ '1.31.1' ],
145 silly audit   'lightningcss-android-arm64': [ '1.31.1' ],
145 silly audit   'lightningcss-darwin-arm64': [ '1.31.1' ],
145 silly audit   'lightningcss-darwin-x64': [ '1.31.1' ],
145 silly audit   'lightningcss-freebsd-x64': [ '1.31.1' ],
145 silly audit   'lightningcss-linux-arm-gnueabihf': [ '1.31.1' ],
145 silly audit   'lightningcss-linux-arm64-gnu': [ '1.31.1' ],
145 silly audit   'lightningcss-linux-arm64-musl': [ '1.31.1' ],
145 silly audit   'lightningcss-linux-x64-gnu': [ '1.31.1' ],
145 silly audit   'lightningcss-linux-x64-musl': [ '1.31.1' ],
145 silly audit   'lightningcss-win32-arm64-msvc': [ '1.31.1' ],
145 silly audit   'lightningcss-win32-x64-msvc': [ '1.31.1' ],
145 silly audit   'locate-path': [ '6.0.0' ],
145 silly audit   'lodash.merge': [ '4.6.2' ],
145 silly audit   'loose-envify': [ '1.4.0' ],
145 silly audit   'lru-cache': [ '5.1.1' ],
145 silly audit   'lucide-react': [ '0.575.0' ],
145 silly audit   'magic-string': [ '0.30.21' ],
145 silly audit   'math-intrinsics': [ '1.1.0' ],
145 silly audit   merge2: [ '1.4.1' ],
145 silly audit   micromatch: [ '4.0.8' ],
145 silly audit   minimist: [ '1.2.8' ],
145 silly audit   ms: [ '2.1.3' ],
145 silly audit   nanoid: [ '3.3.11' ],
145 silly audit   'napi-postinstall': [ '0.3.4' ],
145 silly audit   'natural-compare': [ '1.4.0' ],
145 silly audit   next: [ '16.1.6' ],
145 silly audit   postcss: [ '8.4.31', '8.5.6' ],
145 silly audit   'node-exports-info': [ '1.6.0' ],
145 silly audit   'node-releases': [ '2.0.27' ],
145 silly audit   'object-assign': [ '4.1.1' ],
145 silly audit   'object-inspect': [ '1.13.4' ],
145 silly audit   'object-keys': [ '1.1.1' ],
145 silly audit   'object.assign': [ '4.1.7' ],
145 silly audit   'object.entries': [ '1.1.9' ],
145 silly audit   'object.fromentries': [ '2.0.8' ],
145 silly audit   'object.groupby': [ '1.0.3' ],
145 silly audit   'object.values': [ '1.2.1' ],
145 silly audit   optionator: [ '0.9.4' ],
145 silly audit   'own-keys': [ '1.0.1' ],
145 silly audit   'p-limit': [ '3.1.0' ],
145 silly audit   'p-locate': [ '5.0.0' ],
145 silly audit   'parent-module': [ '1.0.1' ],
145 silly audit   'path-exists': [ '4.0.0' ],
145 silly audit   'path-key': [ '3.1.1' ],
145 silly audit   'path-parse': [ '1.0.7' ],
145 silly audit   picocolors: [ '1.1.1' ],
145 silly audit   picomatch: [ '2.3.1', '4.0.3' ],
145 silly audit   'possible-typed-array-names': [ '1.1.0' ],
145 silly audit   'prelude-ls': [ '1.2.1' ],
145 silly audit   'prop-types': [ '15.8.1' ],
145 silly audit   punycode: [ '2.3.1' ],
145 silly audit   'queue-microtask': [ '1.2.3' ],
145 silly audit   react: [ '19.2.4' ],
145 silly audit   'react-dom': [ '19.2.4' ],
145 silly audit   'react-is': [ '16.13.1' ],
145 silly audit   'reflect.getprototypeof': [ '1.0.10' ],
145 silly audit   'regexp.prototype.flags': [ '1.5.4' ],
145 silly audit   'resolve-from': [ '4.0.0' ],
145 silly audit   'resolve-pkg-maps': [ '1.0.0' ],
145 silly audit   reusify: [ '1.1.0' ],
145 silly audit   'run-parallel': [ '1.2.0' ],
145 silly audit   'safe-array-concat': [ '1.1.3' ],
145 silly audit   'safe-push-apply': [ '1.0.0' ],
145 silly audit   'safe-regex-test': [ '1.1.0' ],
145 silly audit   scheduler: [ '0.27.0' ],
145 silly audit   'set-function-length': [ '1.2.2' ],
145 silly audit   'set-function-name': [ '2.0.2' ],
145 silly audit   'set-proto': [ '1.0.0' ],
145 silly audit   sharp: [ '0.34.5' ],
145 silly audit   'shebang-command': [ '2.0.0' ],
145 silly audit   'shebang-regex': [ '3.0.0' ],
145 silly audit   'side-channel': [ '1.1.0' ],
145 silly audit   'side-channel-list': [ '1.0.0' ],
145 silly audit   'side-channel-map': [ '1.0.1' ],
145 silly audit   'side-channel-weakmap': [ '1.0.2' ],
145 silly audit   'source-map-js': [ '1.2.1' ],
145 silly audit   'stable-hash': [ '0.0.5' ],
145 silly audit   'stop-iteration-iterator': [ '1.1.0' ],
145 silly audit   'string.prototype.includes': [ '2.0.1' ],
145 silly audit   'string.prototype.matchall': [ '4.0.12' ],
145 silly audit   'string.prototype.repeat': [ '1.0.0' ],
145 silly audit   'string.prototype.trim': [ '1.2.10' ],
145 silly audit   'string.prototype.trimend': [ '1.0.9' ],
145 silly audit   'string.prototype.trimstart': [ '1.0.8' ],
145 silly audit   'strip-bom': [ '3.0.0' ],
145 silly audit   'strip-json-comments': [ '3.1.1' ],
145 silly audit   'styled-jsx': [ '5.1.6' ],
145 silly audit   'supports-color': [ '7.2.0' ],
145 silly audit   'supports-preserve-symlinks-flag': [ '1.0.0' ],
145 silly audit   'tailwind-merge': [ '3.5.0' ],
145 silly audit   tailwindcss: [ '4.2.1' ],
145 silly audit   tapable: [ '2.3.0' ],
145 silly audit   tinyglobby: [ '0.2.15' ],
145 silly audit   fdir: [ '6.5.0' ],
145 silly audit   'to-regex-range': [ '5.0.1' ],
145 silly audit   'ts-api-utils': [ '2.4.0' ],
145 silly audit   'tsconfig-paths': [ '3.15.0' ],
145 silly audit   tslib: [ '2.8.1' ],
145 silly audit   'type-check': [ '0.4.0' ],
145 silly audit   'typed-array-buffer': [ '1.0.3' ],
145 silly audit   'typed-array-byte-length': [ '1.0.3' ],
145 silly audit   'typed-array-byte-offset': [ '1.0.4' ],
145 silly audit   'typed-array-length': [ '1.0.7' ],
145 silly audit   typescript: [ '5.9.3' ],
145 silly audit   'typescript-eslint': [ '8.56.1' ],
145 silly audit   'unbox-primitive': [ '1.1.0' ],
145 silly audit   'undici-types': [ '7.18.2' ],
145 silly audit   'unrs-resolver': [ '1.11.1' ],
145 silly audit   'update-browserslist-db': [ '1.2.3' ],
145 silly audit   'uri-js': [ '4.4.1' ],
145 silly audit   which: [ '2.0.2' ],
145 silly audit   'which-boxed-primitive': [ '1.1.1' ],
145 silly audit   'which-builtin-type': [ '1.2.1' ],
145 silly audit   'which-collection': [ '1.0.2' ],
145 silly audit   'which-typed-array': [ '1.1.20' ],
145 silly audit   'word-wrap': [ '1.2.5' ],
145 silly audit   ws: [ '8.19.0' ],
145 silly audit   yallist: [ '3.1.1' ],
145 silly audit   'yocto-queue': [ '0.1.0' ],
145 silly audit   zod: [ '4.3.6' ],
145 silly audit   'zod-validation-error': [ '4.0.2' ],
145 silly audit   jspdf: [ '4.2.0' ],
145 silly audit   'jspdf-autotable': [ '5.0.7' ],
145 silly audit   '@babel/runtime': [ '7.28.6' ],
145 silly audit   canvg: [ '3.0.11' ],
145 silly audit   'core-js': [ '3.48.0' ],
145 silly audit   dompurify: [ '3.3.1' ],
145 silly audit   'fast-png': [ '6.4.0' ],
145 silly audit   fflate: [ '0.8.2' ],
145 silly audit   html2canvas: [ '1.4.1' ],
145 silly audit   '@types/raf': [ '3.4.3' ],
145 silly audit   raf: [ '3.4.1' ],
145 silly audit   'regenerator-runtime': [ '0.13.11' ],
145 silly audit   rgbcolor: [ '1.0.1' ],
145 silly audit   'stackblur-canvas': [ '2.7.0' ],
145 silly audit   'svg-pathdata': [ '6.0.3' ],
145 silly audit   '@types/trusted-types': [ '2.0.7' ],
145 silly audit   '@types/pako': [ '2.0.4' ],
145 silly audit   iobuffer: [ '5.4.0' ],
145 silly audit   pako: [ '2.1.0' ],
145 silly audit   'css-line-break': [ '2.1.0' ],
145 silly audit   'text-segmentation': [ '1.0.3' ],
145 silly audit   utrie: [ '1.0.2' ],
145 silly audit   'performance-now': [ '2.1.0' ],
145 silly audit   'base64-arraybuffer': [ '1.0.2' ],
145 silly audit   '@tailwindcss/oxide-wasm32-wasi': [ '4.2.1' ]
145 silly audit }
146 verbose reify failed optional dependency /Users/cesardiaz/Desktop/PORTAL CLIENTES /node_modules/lightningcss-win32-x64-msvc
147 silly reify mark deleted [
147 silly reify   '/Users/cesardiaz/Desktop/PORTAL CLIENTES /node_modules/lightningcss-win32-x64-msvc'
147 silly reify ]
148 verbose reify failed optional dependency /Users/cesardiaz/Desktop/PORTAL CLIENTES /node_modules/lightningcss-win32-arm64-msvc
149 silly reify mark deleted [
149 silly reify   '/Users/cesardiaz/Desktop/PORTAL CLIENTES /node_modules/lightningcss-win32-arm64-msvc'
149 silly reify ]
150 verbose reify failed optional dependency /Users/cesardiaz/Desktop/PORTAL CLIENTES /node_modules/lightningcss-linux-x64-musl
151 silly reify mark deleted [
151 silly reify   '/Users/cesardiaz/Desktop/PORTAL CLIENTES /node_modules/lightningcss-linux-x64-musl'
151 silly reify ]
152 verbose reify failed optional dependency /Users/cesardiaz/Desktop/PORTAL CLIENTES /node_modules/lightningcss-linux-x64-gnu
153 silly reify mark deleted [
153 silly reify   '/Users/cesardiaz/Desktop/PORTAL CLIENTES /node_modules/lightningcss-linux-x64-gnu'
153 silly reify ]
154 verbose reify failed optional dependency /Users/cesardiaz/Desktop/PORTAL CLIENTES /node_modules/lightningcss-linux-arm64-musl
155 silly reify mark deleted [
155 silly reify   '/Users/cesardiaz/Desktop/PORTAL CLIENTES /node_modules/lightningcss-linux-arm64-musl'
155 silly reify ]
156 verbose reify failed optional dependency /Users/cesardiaz/Desktop/PORTAL CLIENTES /node_modules/lightningcss-linux-arm64-gnu
157 silly reify mark deleted [
157 silly reify   '/Users/cesardiaz/Desktop/PORTAL CLIENTES /node_modules/lightningcss-linux-arm64-gnu'
157 silly reify ]
158 verbose reify failed optional dependency /Users/cesardiaz/Desktop/PORTAL CLIENTES /node_modules/lightningcss-linux-arm-gnueabihf
159 silly reify mark deleted [
159 silly reify   '/Users/cesardiaz/Desktop/PORTAL CLIENTES /node_modules/lightningcss-linux-arm-gnueabihf'
159 silly reify ]
160 verbose reify failed optional dependency /Users/cesardiaz/Desktop/PORTAL CLIENTES /node_modules/lightningcss-freebsd-x64
161 silly reify mark deleted [
161 silly reify   '/Users/cesardiaz/Desktop/PORTAL CLIENTES /node_modules/lightningcss-freebsd-x64'
161 silly reify ]
162 verbose reify failed optional dependency /Users/cesardiaz/Desktop/PORTAL CLIENTES /node_modules/lightningcss-darwin-x64
163 silly reify mark deleted [
163 silly reify   '/Users/cesardiaz/Desktop/PORTAL CLIENTES /node_modules/lightningcss-darwin-x64'
163 silly reify ]
164 verbose reify failed optional dependency /Users/cesardiaz/Desktop/PORTAL CLIENTES /node_modules/lightningcss-android-arm64
165 silly reify mark deleted [
165 silly reify   '/Users/cesardiaz/Desktop/PORTAL CLIENTES /node_modules/lightningcss-android-arm64'
165 silly reify ]
166 verbose reify failed optional dependency /Users/cesardiaz/Desktop/PORTAL CLIENTES /node_modules/@unrs/resolver-binding-win32-x64-msvc
167 silly reify mark deleted [
167 silly reify   '/Users/cesardiaz/Desktop/PORTAL CLIENTES /node_modules/@unrs/resolver-binding-win32-x64-msvc'
167 silly reify ]
168 verbose reify failed optional dependency /Users/cesardiaz/Desktop/PORTAL CLIENTES /node_modules/@unrs/resolver-binding-win32-ia32-msvc
169 silly reify mark deleted [
169 silly reify   '/Users/cesardiaz/Desktop/PORTAL CLIENTES /node_modules/@unrs/resolver-binding-win32-ia32-msvc'
169 silly reify ]
170 verbose reify failed optional dependency /Users/cesardiaz/Desktop/PORTAL CLIENTES /node_modules/@unrs/resolver-binding-win32-arm64-msvc
171 silly reify mark deleted [
171 silly reify   '/Users/cesardiaz/Desktop/PORTAL CLIENTES /node_modules/@unrs/resolver-binding-win32-arm64-msvc'
171 silly reify ]
172 verbose reify failed optional dependency /Users/cesardiaz/Desktop/PORTAL CLIENTES /node_modules/@unrs/resolver-binding-wasm32-wasi
173 silly reify mark deleted [
173 silly reify   '/Users/cesardiaz/Desktop/PORTAL CLIENTES /node_modules/@unrs/resolver-binding-wasm32-wasi'
173 silly reify ]
174 verbose reify failed optional dependency /Users/cesardiaz/Desktop/PORTAL CLIENTES /node_modules/@unrs/resolver-binding-linux-x64-musl
175 silly reify mark deleted [
175 silly reify   '/Users/cesardiaz/Desktop/PORTAL CLIENTES /node_modules/@unrs/resolver-binding-linux-x64-musl'
175 silly reify ]
176 verbose reify failed optional dependency /Users/cesardiaz/Desktop/PORTAL CLIENTES /node_modules/@unrs/resolver-binding-linux-x64-gnu
177 silly reify mark deleted [
177 silly reify   '/Users/cesardiaz/Desktop/PORTAL CLIENTES /node_modules/@unrs/resolver-binding-linux-x64-gnu'
177 silly reify ]
178 verbose reify failed optional dependency /Users/cesardiaz/Desktop/PORTAL CLIENTES /node_modules/@unrs/resolver-binding-linux-s390x-gnu
179 silly reify mark deleted [
179 silly reify   '/Users/cesardiaz/Desktop/PORTAL CLIENTES /node_modules/@unrs/resolver-binding-linux-s390x-gnu'
179 silly reify ]
180 verbose reify failed optional dependency /Users/cesardiaz/Desktop/PORTAL CLIENTES /node_modules/@unrs/resolver-binding-linux-riscv64-musl
181 silly reify mark deleted [
181 silly reify   '/Users/cesardiaz/Desktop/PORTAL CLIENTES /node_modules/@unrs/resolver-binding-linux-riscv64-musl'
181 silly reify ]
182 verbose reify failed optional dependency /Users/cesardiaz/Desktop/PORTAL CLIENTES /node_modules/@unrs/resolver-binding-linux-riscv64-gnu
183 silly reify mark deleted [
183 silly reify   '/Users/cesardiaz/Desktop/PORTAL CLIENTES /node_modules/@unrs/resolver-binding-linux-riscv64-gnu'
183 silly reify ]
184 verbose reify failed optional dependency /Users/cesardiaz/Desktop/PORTAL CLIENTES /node_modules/@unrs/resolver-binding-linux-ppc64-gnu
185 silly reify mark deleted [
185 silly reify   '/Users/cesardiaz/Desktop/PORTAL CLIENTES /node_modules/@unrs/resolver-binding-linux-ppc64-gnu'
185 silly reify ]
186 verbose reify failed optional dependency /Users/cesardiaz/Desktop/PORTAL CLIENTES /node_modules/@unrs/resolver-binding-linux-arm64-musl
187 silly reify mark deleted [
187 silly reify   '/Users/cesardiaz/Desktop/PORTAL CLIENTES /node_modules/@unrs/resolver-binding-linux-arm64-musl'
187 silly reify ]
188 verbose reify failed optional dependency /Users/cesardiaz/Desktop/PORTAL CLIENTES /node_modules/@unrs/resolver-binding-linux-arm64-gnu
189 silly reify mark deleted [
189 silly reify   '/Users/cesardiaz/Desktop/PORTAL CLIENTES /node_modules/@unrs/resolver-binding-linux-arm64-gnu'
189 silly reify ]
190 verbose reify failed optional dependency /Users/cesardiaz/Desktop/PORTAL CLIENTES /node_modules/@unrs/resolver-binding-linux-arm-musleabihf
191 silly reify mark deleted [
191 silly reify   '/Users/cesardiaz/Desktop/PORTAL CLIENTES /node_modules/@unrs/resolver-binding-linux-arm-musleabihf'
191 silly reify ]
192 verbose reify failed optional dependency /Users/cesardiaz/Desktop/PORTAL CLIENTES /node_modules/@unrs/resolver-binding-linux-arm-gnueabihf
193 silly reify mark deleted [
193 silly reify   '/Users/cesardiaz/Desktop/PORTAL CLIENTES /node_modules/@unrs/resolver-binding-linux-arm-gnueabihf'
193 silly reify ]
194 verbose reify failed optional dependency /Users/cesardiaz/Desktop/PORTAL CLIENTES /node_modules/@unrs/resolver-binding-freebsd-x64
195 silly reify mark deleted [
195 silly reify   '/Users/cesardiaz/Desktop/PORTAL CLIENTES /node_modules/@unrs/resolver-binding-freebsd-x64'
195 silly reify ]
196 verbose reify failed optional dependency /Users/cesardiaz/Desktop/PORTAL CLIENTES /node_modules/@unrs/resolver-binding-darwin-x64
197 silly reify mark deleted [
197 silly reify   '/Users/cesardiaz/Desktop/PORTAL CLIENTES /node_modules/@unrs/resolver-binding-darwin-x64'
197 silly reify ]
198 verbose reify failed optional dependency /Users/cesardiaz/Desktop/PORTAL CLIENTES /node_modules/@unrs/resolver-binding-android-arm64
199 silly reify mark deleted [
199 silly reify   '/Users/cesardiaz/Desktop/PORTAL CLIENTES /node_modules/@unrs/resolver-binding-android-arm64'
199 silly reify ]
200 verbose reify failed optional dependency /Users/cesardiaz/Desktop/PORTAL CLIENTES /node_modules/@unrs/resolver-binding-android-arm-eabi
201 silly reify mark deleted [
201 silly reify   '/Users/cesardiaz/Desktop/PORTAL CLIENTES /node_modules/@unrs/resolver-binding-android-arm-eabi'
201 silly reify ]
202 verbose reify failed optional dependency /Users/cesardiaz/Desktop/PORTAL CLIENTES /node_modules/@tailwindcss/oxide-win32-x64-msvc
203 silly reify mark deleted [
203 silly reify   '/Users/cesardiaz/Desktop/PORTAL CLIENTES /node_modules/@tailwindcss/oxide-win32-x64-msvc'
203 silly reify ]
204 verbose reify failed optional dependency /Users/cesardiaz/Desktop/PORTAL CLIENTES /node_modules/@tailwindcss/oxide-win32-arm64-msvc
205 silly reify mark deleted [
205 silly reify   '/Users/cesardiaz/Desktop/PORTAL CLIENTES /node_modules/@tailwindcss/oxide-win32-arm64-msvc'
205 silly reify ]
206 verbose reify failed optional dependency /Users/cesardiaz/Desktop/PORTAL CLIENTES /node_modules/@tailwindcss/oxide-linux-x64-musl
207 silly reify mark deleted [
207 silly reify   '/Users/cesardiaz/Desktop/PORTAL CLIENTES /node_modules/@tailwindcss/oxide-linux-x64-musl'
207 silly reify ]
208 verbose reify failed optional dependency /Users/cesardiaz/Desktop/PORTAL CLIENTES /node_modules/@tailwindcss/oxide-linux-x64-gnu
209 silly reify mark deleted [
209 silly reify   '/Users/cesardiaz/Desktop/PORTAL CLIENTES /node_modules/@tailwindcss/oxide-linux-x64-gnu'
209 silly reify ]
210 verbose reify failed optional dependency /Users/cesardiaz/Desktop/PORTAL CLIENTES /node_modules/@tailwindcss/oxide-linux-arm64-musl
211 silly reify mark deleted [
211 silly reify   '/Users/cesardiaz/Desktop/PORTAL CLIENTES /node_modules/@tailwindcss/oxide-linux-arm64-musl'
211 silly reify ]
212 verbose reify failed optional dependency /Users/cesardiaz/Desktop/PORTAL CLIENTES /node_modules/@tailwindcss/oxide-linux-arm64-gnu
213 silly reify mark deleted [
213 silly reify   '/Users/cesardiaz/Desktop/PORTAL CLIENTES /node_modules/@tailwindcss/oxide-linux-arm64-gnu'
213 silly reify ]
214 verbose reify failed optional dependency /Users/cesardiaz/Desktop/PORTAL CLIENTES /node_modules/@tailwindcss/oxide-linux-arm-gnueabihf
215 silly reify mark deleted [
215 silly reify   '/Users/cesardiaz/Desktop/PORTAL CLIENTES /node_modules/@tailwindcss/oxide-linux-arm-gnueabihf'
215 silly reify ]
216 verbose reify failed optional dependency /Users/cesardiaz/Desktop/PORTAL CLIENTES /node_modules/@tailwindcss/oxide-freebsd-x64
217 silly reify mark deleted [
217 silly reify   '/Users/cesardiaz/Desktop/PORTAL CLIENTES /node_modules/@tailwindcss/oxide-freebsd-x64'
217 silly reify ]
218 verbose reify failed optional dependency /Users/cesardiaz/Desktop/PORTAL CLIENTES /node_modules/@tailwindcss/oxide-darwin-x64
219 silly reify mark deleted [
219 silly reify   '/Users/cesardiaz/Desktop/PORTAL CLIENTES /node_modules/@tailwindcss/oxide-darwin-x64'
219 silly reify ]
220 verbose reify failed optional dependency /Users/cesardiaz/Desktop/PORTAL CLIENTES /node_modules/@tailwindcss/oxide-android-arm64
221 silly reify mark deleted [
221 silly reify   '/Users/cesardiaz/Desktop/PORTAL CLIENTES /node_modules/@tailwindcss/oxide-android-arm64'
221 silly reify ]
222 verbose reify failed optional dependency /Users/cesardiaz/Desktop/PORTAL CLIENTES /node_modules/@next/swc-win32-x64-msvc
223 silly reify mark deleted [
223 silly reify   '/Users/cesardiaz/Desktop/PORTAL CLIENTES /node_modules/@next/swc-win32-x64-msvc'
223 silly reify ]
224 verbose reify failed optional dependency /Users/cesardiaz/Desktop/PORTAL CLIENTES /node_modules/@next/swc-win32-arm64-msvc
225 silly reify mark deleted [
225 silly reify   '/Users/cesardiaz/Desktop/PORTAL CLIENTES /node_modules/@next/swc-win32-arm64-msvc'
225 silly reify ]
226 verbose reify failed optional dependency /Users/cesardiaz/Desktop/PORTAL CLIENTES /node_modules/@next/swc-linux-x64-musl
227 silly reify mark deleted [
227 silly reify   '/Users/cesardiaz/Desktop/PORTAL CLIENTES /node_modules/@next/swc-linux-x64-musl'
227 silly reify ]
228 verbose reify failed optional dependency /Users/cesardiaz/Desktop/PORTAL CLIENTES /node_modules/@next/swc-linux-x64-gnu
229 silly reify mark deleted [
229 silly reify   '/Users/cesardiaz/Desktop/PORTAL CLIENTES /node_modules/@next/swc-linux-x64-gnu'
229 silly reify ]
230 verbose reify failed optional dependency /Users/cesardiaz/Desktop/PORTAL CLIENTES /node_modules/@next/swc-linux-arm64-musl
231 silly reify mark deleted [
231 silly reify   '/Users/cesardiaz/Desktop/PORTAL CLIENTES /node_modules/@next/swc-linux-arm64-musl'
231 silly reify ]
232 verbose reify failed optional dependency /Users/cesardiaz/Desktop/PORTAL CLIENTES /node_modules/@next/swc-linux-arm64-gnu
233 silly reify mark deleted [
233 silly reify   '/Users/cesardiaz/Desktop/PORTAL CLIENTES /node_modules/@next/swc-linux-arm64-gnu'
233 silly reify ]
234 verbose reify failed optional dependency /Users/cesardiaz/Desktop/PORTAL CLIENTES /node_modules/@next/swc-darwin-x64
235 silly reify mark deleted [
235 silly reify   '/Users/cesardiaz/Desktop/PORTAL CLIENTES /node_modules/@next/swc-darwin-x64'
235 silly reify ]
236 verbose reify failed optional dependency /Users/cesardiaz/Desktop/PORTAL CLIENTES /node_modules/@img/sharp-win32-x64
237 silly reify mark deleted [
237 silly reify   '/Users/cesardiaz/Desktop/PORTAL CLIENTES /node_modules/@img/sharp-win32-x64'
237 silly reify ]
238 verbose reify failed optional dependency /Users/cesardiaz/Desktop/PORTAL CLIENTES /node_modules/@img/sharp-win32-ia32
239 silly reify mark deleted [
239 silly reify   '/Users/cesardiaz/Desktop/PORTAL CLIENTES /node_modules/@img/sharp-win32-ia32'
239 silly reify ]
240 verbose reify failed optional dependency /Users/cesardiaz/Desktop/PORTAL CLIENTES /node_modules/@img/sharp-win32-arm64
241 silly reify mark deleted [
241 silly reify   '/Users/cesardiaz/Desktop/PORTAL CLIENTES /node_modules/@img/sharp-win32-arm64'
241 silly reify ]
242 verbose reify failed optional dependency /Users/cesardiaz/Desktop/PORTAL CLIENTES /node_modules/@img/sharp-wasm32
243 silly reify mark deleted [
243 silly reify   '/Users/cesardiaz/Desktop/PORTAL CLIENTES /node_modules/@img/sharp-wasm32'
243 silly reify ]
244 verbose reify failed optional dependency /Users/cesardiaz/Desktop/PORTAL CLIENTES /node_modules/@img/sharp-linuxmusl-x64
245 silly reify mark deleted [
245 silly reify   '/Users/cesardiaz/Desktop/PORTAL CLIENTES /node_modules/@img/sharp-linuxmusl-x64'
245 silly reify ]
246 verbose reify failed optional dependency /Users/cesardiaz/Desktop/PORTAL CLIENTES /node_modules/@img/sharp-linuxmusl-arm64
247 silly reify mark deleted [
247 silly reify   '/Users/cesardiaz/Desktop/PORTAL CLIENTES /node_modules/@img/sharp-linuxmusl-arm64'
247 silly reify ]
248 verbose reify failed optional dependency /Users/cesardiaz/Desktop/PORTAL CLIENTES /node_modules/@img/sharp-linux-x64
249 silly reify mark deleted [
249 silly reify   '/Users/cesardiaz/Desktop/PORTAL CLIENTES /node_modules/@img/sharp-linux-x64'
249 silly reify ]
250 verbose reify failed optional dependency /Users/cesardiaz/Desktop/PORTAL CLIENTES /node_modules/@img/sharp-linux-s390x
251 silly reify mark deleted [
251 silly reify   '/Users/cesardiaz/Desktop/PORTAL CLIENTES /node_modules/@img/sharp-linux-s390x'
251 silly reify ]
252 verbose reify failed optional dependency /Users/cesardiaz/Desktop/PORTAL CLIENTES /node_modules/@img/sharp-linux-riscv64
253 silly reify mark deleted [
253 silly reify   '/Users/cesardiaz/Desktop/PORTAL CLIENTES /node_modules/@img/sharp-linux-riscv64'
253 silly reify ]
254 verbose reify failed optional dependency /Users/cesardiaz/Desktop/PORTAL CLIENTES /node_modules/@img/sharp-linux-ppc64
255 silly reify mark deleted [
255 silly reify   '/Users/cesardiaz/Desktop/PORTAL CLIENTES /node_modules/@img/sharp-linux-ppc64'
255 silly reify ]
256 verbose reify failed optional dependency /Users/cesardiaz/Desktop/PORTAL CLIENTES /node_modules/@img/sharp-linux-arm64
257 silly reify mark deleted [
257 silly reify   '/Users/cesardiaz/Desktop/PORTAL CLIENTES /node_modules/@img/sharp-linux-arm64'
257 silly reify ]
258 verbose reify failed optional dependency /Users/cesardiaz/Desktop/PORTAL CLIENTES /node_modules/@img/sharp-linux-arm
259 silly reify mark deleted [
259 silly reify   '/Users/cesardiaz/Desktop/PORTAL CLIENTES /node_modules/@img/sharp-linux-arm'
259 silly reify ]
260 verbose reify failed optional dependency /Users/cesardiaz/Desktop/PORTAL CLIENTES /node_modules/@img/sharp-libvips-linuxmusl-x64
261 silly reify mark deleted [
261 silly reify   '/Users/cesardiaz/Desktop/PORTAL CLIENTES /node_modules/@img/sharp-libvips-linuxmusl-x64'
261 silly reify ]
262 verbose reify failed optional dependency /Users/cesardiaz/Desktop/PORTAL CLIENTES /node_modules/@img/sharp-libvips-linuxmusl-arm64
263 silly reify mark deleted [
263 silly reify   '/Users/cesardiaz/Desktop/PORTAL CLIENTES /node_modules/@img/sharp-libvips-linuxmusl-arm64'
263 silly reify ]
264 verbose reify failed optional dependency /Users/cesardiaz/Desktop/PORTAL CLIENTES /node_modules/@img/sharp-libvips-linux-x64
265 silly reify mark deleted [
265 silly reify   '/Users/cesardiaz/Desktop/PORTAL CLIENTES /node_modules/@img/sharp-libvips-linux-x64'
265 silly reify ]
266 verbose reify failed optional dependency /Users/cesardiaz/Desktop/PORTAL CLIENTES /node_modules/@img/sharp-libvips-linux-s390x
267 silly reify mark deleted [
267 silly reify   '/Users/cesardiaz/Desktop/PORTAL CLIENTES /node_modules/@img/sharp-libvips-linux-s390x'
267 silly reify ]
268 verbose reify failed optional dependency /Users/cesardiaz/Desktop/PORTAL CLIENTES /node_modules/@img/sharp-libvips-linux-riscv64
269 silly reify mark deleted [
269 silly reify   '/Users/cesardiaz/Desktop/PORTAL CLIENTES /node_modules/@img/sharp-libvips-linux-riscv64'
269 silly reify ]
270 verbose reify failed optional dependency /Users/cesardiaz/Desktop/PORTAL CLIENTES /node_modules/@img/sharp-libvips-linux-ppc64
271 silly reify mark deleted [
271 silly reify   '/Users/cesardiaz/Desktop/PORTAL CLIENTES /node_modules/@img/sharp-libvips-linux-ppc64'
271 silly reify ]
272 verbose reify failed optional dependency /Users/cesardiaz/Desktop/PORTAL CLIENTES /node_modules/@img/sharp-libvips-linux-arm64
273 silly reify mark deleted [
273 silly reify   '/Users/cesardiaz/Desktop/PORTAL CLIENTES /node_modules/@img/sharp-libvips-linux-arm64'
273 silly reify ]
274 verbose reify failed optional dependency /Users/cesardiaz/Desktop/PORTAL CLIENTES /node_modules/@img/sharp-libvips-linux-arm
275 silly reify mark deleted [
275 silly reify   '/Users/cesardiaz/Desktop/PORTAL CLIENTES /node_modules/@img/sharp-libvips-linux-arm'
275 silly reify ]
276 verbose reify failed optional dependency /Users/cesardiaz/Desktop/PORTAL CLIENTES /node_modules/@img/sharp-libvips-darwin-x64
277 silly reify mark deleted [
277 silly reify   '/Users/cesardiaz/Desktop/PORTAL CLIENTES /node_modules/@img/sharp-libvips-darwin-x64'
277 silly reify ]
278 verbose reify failed optional dependency /Users/cesardiaz/Desktop/PORTAL CLIENTES /node_modules/@img/sharp-darwin-x64
279 silly reify mark deleted [
279 silly reify   '/Users/cesardiaz/Desktop/PORTAL CLIENTES /node_modules/@img/sharp-darwin-x64'
279 silly reify ]
280 http cache base64-arraybuffer@https://registry.npmjs.org/base64-arraybuffer/-/base64-arraybuffer-1.0.2.tgz 0ms (cache hit)
281 http cache utrie@https://registry.npmjs.org/utrie/-/utrie-1.0.2.tgz 0ms (cache hit)
282 http cache performance-now@https://registry.npmjs.org/performance-now/-/performance-now-2.1.0.tgz 0ms (cache hit)
283 http cache iobuffer@https://registry.npmjs.org/iobuffer/-/iobuffer-5.4.0.tgz 0ms (cache hit)
284 http cache css-line-break@https://registry.npmjs.org/css-line-break/-/css-line-break-2.1.0.tgz 0ms (cache hit)
285 http cache text-segmentation@https://registry.npmjs.org/text-segmentation/-/text-segmentation-1.0.3.tgz 0ms (cache hit)
286 http cache @types/pako@https://registry.npmjs.org/@types/pako/-/pako-2.0.4.tgz 0ms (cache hit)
287 http cache pako@https://registry.npmjs.org/pako/-/pako-2.1.0.tgz 0ms (cache hit)
288 http cache @types/trusted-types@https://registry.npmjs.org/@types/trusted-types/-/trusted-types-2.0.7.tgz 0ms (cache hit)
289 http cache svg-pathdata@https://registry.npmjs.org/svg-pathdata/-/svg-pathdata-6.0.3.tgz 0ms (cache hit)
290 http cache stackblur-canvas@https://registry.npmjs.org/stackblur-canvas/-/stackblur-canvas-2.7.0.tgz 0ms (cache hit)
291 http cache regenerator-runtime@https://registry.npmjs.org/regenerator-runtime/-/regenerator-runtime-0.13.11.tgz 0ms (cache hit)
292 http cache raf@https://registry.npmjs.org/raf/-/raf-3.4.1.tgz 0ms (cache hit)
293 http cache @types/raf@https://registry.npmjs.org/@types/raf/-/raf-3.4.3.tgz 0ms (cache hit)
294 http cache html2canvas@https://registry.npmjs.org/html2canvas/-/html2canvas-1.4.1.tgz 0ms (cache hit)
295 http cache fflate@https://registry.npmjs.org/fflate/-/fflate-0.8.2.tgz 0ms (cache hit)
296 http cache fast-png@https://registry.npmjs.org/fast-png/-/fast-png-6.4.0.tgz 0ms (cache hit)
297 http cache dompurify@https://registry.npmjs.org/dompurify/-/dompurify-3.3.1.tgz 0ms (cache hit)
298 http cache core-js@https://registry.npmjs.org/core-js/-/core-js-3.48.0.tgz 0ms (cache hit)
299 http cache canvg@https://registry.npmjs.org/canvg/-/canvg-3.0.11.tgz 0ms (cache hit)
300 http cache jspdf-autotable@https://registry.npmjs.org/jspdf-autotable/-/jspdf-autotable-5.0.7.tgz 0ms (cache hit)
301 http cache @babel/runtime@https://registry.npmjs.org/@babel/runtime/-/runtime-7.28.6.tgz 0ms (cache hit)
302 http cache jspdf@https://registry.npmjs.org/jspdf/-/jspdf-4.2.0.tgz 0ms (cache hit)
303 silly tarball no local data for base64-arraybuffer@https://registry.npmjs.org/base64-arraybuffer/-/base64-arraybuffer-1.0.2.tgz. Extracting by manifest.
304 http cache rgbcolor@https://registry.npmjs.org/rgbcolor/-/rgbcolor-1.0.1.tgz 0ms (cache hit)
305 silly tarball no local data for utrie@https://registry.npmjs.org/utrie/-/utrie-1.0.2.tgz. Extracting by manifest.
306 silly tarball no local data for performance-now@https://registry.npmjs.org/performance-now/-/performance-now-2.1.0.tgz. Extracting by manifest.
307 silly tarball no local data for iobuffer@https://registry.npmjs.org/iobuffer/-/iobuffer-5.4.0.tgz. Extracting by manifest.
308 silly tarball no local data for css-line-break@https://registry.npmjs.org/css-line-break/-/css-line-break-2.1.0.tgz. Extracting by manifest.
309 silly tarball no local data for text-segmentation@https://registry.npmjs.org/text-segmentation/-/text-segmentation-1.0.3.tgz. Extracting by manifest.
310 silly tarball no local data for @types/pako@https://registry.npmjs.org/@types/pako/-/pako-2.0.4.tgz. Extracting by manifest.
311 silly tarball no local data for pako@https://registry.npmjs.org/pako/-/pako-2.1.0.tgz. Extracting by manifest.
312 silly tarball no local data for @types/trusted-types@https://registry.npmjs.org/@types/trusted-types/-/trusted-types-2.0.7.tgz. Extracting by manifest.
313 silly tarball no local data for svg-pathdata@https://registry.npmjs.org/svg-pathdata/-/svg-pathdata-6.0.3.tgz. Extracting by manifest.
314 silly tarball no local data for stackblur-canvas@https://registry.npmjs.org/stackblur-canvas/-/stackblur-canvas-2.7.0.tgz. Extracting by manifest.
315 silly tarball no local data for regenerator-runtime@https://registry.npmjs.org/regenerator-runtime/-/regenerator-runtime-0.13.11.tgz. Extracting by manifest.
316 silly tarball no local data for raf@https://registry.npmjs.org/raf/-/raf-3.4.1.tgz. Extracting by manifest.
317 silly tarball no local data for @types/raf@https://registry.npmjs.org/@types/raf/-/raf-3.4.3.tgz. Extracting by manifest.
318 silly tarball no local data for html2canvas@https://registry.npmjs.org/html2canvas/-/html2canvas-1.4.1.tgz. Extracting by manifest.
319 silly tarball no local data for fflate@https://registry.npmjs.org/fflate/-/fflate-0.8.2.tgz. Extracting by manifest.
320 silly tarball no local data for fast-png@https://registry.npmjs.org/fast-png/-/fast-png-6.4.0.tgz. Extracting by manifest.
321 silly tarball no local data for dompurify@https://registry.npmjs.org/dompurify/-/dompurify-3.3.1.tgz. Extracting by manifest.
322 silly tarball no local data for core-js@https://registry.npmjs.org/core-js/-/core-js-3.48.0.tgz. Extracting by manifest.
323 silly tarball no local data for canvg@https://registry.npmjs.org/canvg/-/canvg-3.0.11.tgz. Extracting by manifest.
324 silly tarball no local data for jspdf-autotable@https://registry.npmjs.org/jspdf-autotable/-/jspdf-autotable-5.0.7.tgz. Extracting by manifest.
325 silly tarball no local data for @babel/runtime@https://registry.npmjs.org/@babel/runtime/-/runtime-7.28.6.tgz. Extracting by manifest.
326 silly tarball no local data for jspdf@https://registry.npmjs.org/jspdf/-/jspdf-4.2.0.tgz. Extracting by manifest.
327 silly tarball no local data for rgbcolor@https://registry.npmjs.org/rgbcolor/-/rgbcolor-1.0.1.tgz. Extracting by manifest.
328 http fetch GET 200 https://registry.npmjs.org/base64-arraybuffer/-/base64-arraybuffer-1.0.2.tgz 99ms (cache miss)
329 http fetch GET 200 https://registry.npmjs.org/performance-now/-/performance-now-2.1.0.tgz 101ms (cache miss)
330 http fetch GET 200 https://registry.npmjs.org/iobuffer/-/iobuffer-5.4.0.tgz 108ms (cache miss)
331 http fetch GET 200 https://registry.npmjs.org/text-segmentation/-/text-segmentation-1.0.3.tgz 125ms (cache miss)
332 http fetch GET 200 https://registry.npmjs.org/utrie/-/utrie-1.0.2.tgz 128ms (cache miss)
333 http fetch GET 200 https://registry.npmjs.org/css-line-break/-/css-line-break-2.1.0.tgz 148ms (cache miss)
334 http fetch POST 200 https://registry.npmjs.org/-/npm/v1/security/advisories/bulk 168ms
335 silly audit report {}
336 http fetch GET 200 https://registry.npmjs.org/fast-png/-/fast-png-6.4.0.tgz 203ms (cache miss)
337 http fetch GET 200 https://registry.npmjs.org/@types/pako/-/pako-2.0.4.tgz 257ms (cache miss)
338 http fetch GET 200 https://registry.npmjs.org/dompurify/-/dompurify-3.3.1.tgz 257ms (cache miss)
339 http fetch GET 200 https://registry.npmjs.org/raf/-/raf-3.4.1.tgz 259ms (cache miss)
340 http fetch GET 200 https://registry.npmjs.org/regenerator-runtime/-/regenerator-runtime-0.13.11.tgz 260ms (cache miss)
341 http fetch GET 200 https://registry.npmjs.org/jspdf-autotable/-/jspdf-autotable-5.0.7.tgz 259ms (cache miss)
342 http fetch GET 200 https://registry.npmjs.org/fflate/-/fflate-0.8.2.tgz 266ms (cache miss)
343 http fetch GET 200 https://registry.npmjs.org/stackblur-canvas/-/stackblur-canvas-2.7.0.tgz 267ms (cache miss)
344 http fetch GET 200 https://registry.npmjs.org/@types/trusted-types/-/trusted-types-2.0.7.tgz 296ms (cache miss)
345 http fetch GET 200 https://registry.npmjs.org/@types/raf/-/raf-3.4.3.tgz 298ms (cache miss)
346 http fetch GET 200 https://registry.npmjs.org/svg-pathdata/-/svg-pathdata-6.0.3.tgz 326ms (cache miss)
347 http fetch GET 200 https://registry.npmjs.org/rgbcolor/-/rgbcolor-1.0.1.tgz 330ms (cache miss)
348 http fetch GET 200 https://registry.npmjs.org/@babel/runtime/-/runtime-7.28.6.tgz 367ms (cache miss)
349 http fetch GET 200 https://registry.npmjs.org/canvg/-/canvg-3.0.11.tgz 372ms (cache miss)
350 http fetch GET 200 https://registry.npmjs.org/html2canvas/-/html2canvas-1.4.1.tgz 458ms (cache miss)
351 http fetch GET 200 https://registry.npmjs.org/pako/-/pako-2.1.0.tgz 891ms (cache miss)
352 http fetch GET 200 https://registry.npmjs.org/core-js/-/core-js-3.48.0.tgz 1159ms (cache miss)
353 http fetch GET 200 https://registry.npmjs.org/jspdf/-/jspdf-4.2.0.tgz 2436ms (cache miss)
354 info run core-js@3.48.0 postinstall node_modules/core-js node -e "try{require('./postinstall')}catch(e){}"
355 info run core-js@3.48.0 postinstall { code: 0, signal: null }
356 silly ADD node_modules/base64-arraybuffer
357 silly ADD node_modules/performance-now
358 silly ADD node_modules/utrie
359 silly ADD node_modules/text-segmentation
360 silly ADD node_modules/css-line-break
361 silly ADD node_modules/pako
362 silly ADD node_modules/iobuffer
363 silly ADD node_modules/@types/pako
364 silly ADD node_modules/@types/trusted-types
365 silly ADD node_modules/svg-pathdata
366 silly ADD node_modules/stackblur-canvas
367 silly ADD node_modules/rgbcolor
368 silly ADD node_modules/regenerator-runtime
369 silly ADD node_modules/raf
370 silly ADD node_modules/@types/raf
371 silly ADD node_modules/html2canvas
372 silly ADD node_modules/fflate
373 silly ADD node_modules/fast-png
374 silly ADD node_modules/dompurify
375 silly ADD node_modules/core-js
376 silly ADD node_modules/canvg
377 silly ADD node_modules/@babel/runtime
378 silly ADD node_modules/jspdf-autotable
379 silly ADD node_modules/jspdf
380 silly ADD
381 silly ADD
382 silly ADD
383 silly ADD
384 silly ADD
385 silly ADD
386 silly ADD
387 silly ADD
388 silly ADD
389 silly ADD
390 silly ADD
391 silly ADD
392 silly ADD
393 silly ADD
394 silly ADD
395 silly ADD
396 silly ADD
397 silly ADD
398 silly ADD
399 silly ADD
400 silly ADD
401 silly ADD
402 silly ADD
403 silly ADD
404 silly ADD
405 silly ADD
406 silly ADD
407 silly ADD
408 silly ADD
409 silly ADD
410 silly ADD
411 silly ADD
412 silly ADD
413 silly ADD
414 silly ADD
415 silly ADD
416 silly ADD
417 silly ADD
418 silly ADD
419 silly ADD
420 silly ADD
421 silly ADD
422 silly ADD
423 silly ADD
424 silly ADD
425 silly ADD
426 silly ADD
427 silly ADD
428 silly ADD
429 silly ADD
430 silly ADD
431 silly ADD
432 silly ADD
433 silly ADD
434 silly ADD
435 silly ADD
436 silly ADD
437 silly ADD
438 silly ADD
439 silly ADD
440 silly ADD
441 silly ADD
442 silly ADD
443 silly ADD
444 silly ADD
445 silly ADD
446 silly ADD
447 silly ADD
448 verbose cwd /Users/cesardiaz/Desktop/PORTAL CLIENTES 
449 verbose os Darwin 25.2.0
450 verbose node v22.16.0
451 verbose npm  v10.9.2
452 verbose exit 0
453 info ok
